Start testing: May 15 00:42 CST
----------------------------------------------------------
1/1 Testing: test_database
1/1 Test: test_database
Command: "/home/ruiqurm/bupt/cppcourse/online_retailers/part1/build/test/test_database"
Directory: /home/ruiqurm/bupt/cppcourse/online_retailers/part1/build/test
"test_database" start time: May 15 00:42 CST
Output:
----------------------------------------------------------
<end of output>
Test time =   0.01 sec
----------------------------------------------------------
Test Passed.
"test_database" end time: May 15 00:42 CST
"test_database" time elapsed: 00:00:00
----------------------------------------------------------

End testing: May 15 00:42 CST
